{"/home/fernando/web-dev/tdd-training/src/map/map.js": {"path":"/home/fernando/web-dev/tdd-training/src/map/map.js","statementMap":{"0":{"start":{"line":3,"column":12},"end":{"line":9,"column":1}},"1":{"start":{"line":4,"column":15},"end":{"line":4,"column":17}},"2":{"start":{"line":5,"column":2},"end":{"line":7,"column":3}},"3":{"start":{"line":5,"column":15},"end":{"line":5,"column":16}},"4":{"start":{"line":6,"column":4},"end":{"line":6,"column":33}},"5":{"start":{"line":8,"column":2},"end":{"line":8,"column":15}}},"fnMap":{"0":{"name":"(anonymous_0)","decl":{"start":{"line":3,"column":12},"end":{"line":3,"column":13}},"loc":{"start":{"line":3,"column":27},"end":{"line":9,"column":1}},"line":3}},"branchMap":{},"s":{"0":1,"1":5,"2":5,"3":5,"4":10,"5":5},"f":{"0":5},"b":{},"_coverageSchema":"1a1c01bbd47fc00a2c39e90264f33305004495a9","hash":"af08e21a468026329a1b9e7e0751421d36c78fd7"}
}
